[14-04-2020 23:41:38.684] [CONSOLE] combat.Criticals: enabled
[14-04-2020 23:41:38.692] [CONSOLE] combat.Hitbox: enabled
[14-04-2020 23:41:38.696] [CONSOLE] combat.FastBow: enabled
[14-04-2020 23:41:38.700] [CONSOLE] combat.FightSpeed: enabled
[14-04-2020 23:41:38.704] [CONSOLE] combat.Regen: enabled
[14-04-2020 23:41:38.707] [CONSOLE] combat.FastUse: enabled
[14-04-2020 23:41:38.740] [CONSOLE] combat.Killaura: enabled
[14-04-2020 23:41:38.744] [CONSOLE] movement.Timer: enabled
[14-04-2020 23:41:38.788] [CONSOLE] movement.Phase: enabled
[14-04-2020 23:41:38.789] [CONSOLE] movement.Move: enabled
[14-04-2020 23:41:38.793] [CONSOLE] movement.NoFall: enabled
[14-04-2020 23:41:38.795] [CONSOLE] movement.Derp: enabled
[14-04-2020 23:41:38.799] [CONSOLE] world.BadPackets: enabled
[14-04-2020 23:41:38.803] [CONSOLE] world.FastBreak: enabled
[14-04-2020 23:41:38.903] [CONSOLE] world.FastPlace: enabled
[14-04-2020 23:41:38.910] [CONSOLE] world.Interact: enabled
[14-04-2020 23:47:50.509] [kenshen38/1.15] movement.NoFall: tried to avoid accumulating fall damage [ping:42 tps:19.37] VL:1
[14-04-2020 23:47:50.520] [kenshen38/1.15] movement.NoFall: tried to avoid receiving fall damage [ping:42 tps:19.37] VL:2
[14-04-2020 23:47:52.478] [kenshen38/1.15] movement.Move: at: -263.700,101.753,-138.700 move: -0.154,0.248,-0.036 pred: -0.026,0.248,0.000 dist: 0.133 info: --a PLAYER extX:0.02 bump:0.031 [ping:42 tps:20.0] VL:17
[14-04-2020 23:49:27.331] [kenshen38/1.15] movement.Move: ignored velocity of 0.000,0.275,0.032 [ping:413 tps:20.0] VL:100
[14-04-2020 23:49:29.509] [kenshen38/1.15] movement.Phase: stepped through a block (OAK_LEAVES at -440,71,-182) [ping:413 tps:20.0] VL:1
[14-04-2020 23:49:29.511] [kenshen38/1.15] movement.Phase: setback from -439.674,72.000,-181.412: -439.674,72.000,-181.412->-439.658,72.000,-181.292 fallD: 0.0 ground: + motion: 0.016,0.000,0.118 globalMotion
[14-04-2020 23:49:31.343] [kenshen38/1.15] movement.NoFall: tried to avoid accumulating fall damage [ping:413 tps:20.0] VL:1
[14-04-2020 23:49:40.280] [kenshen38/1.15] movement.Move: ignored velocity of 0.218,0.275,0.005 [ping:450 tps:20.0] VL:100
[14-04-2020 23:49:40.282] [kenshen38/1.15] movement.Move: at: -485.460,66.753,-173.830 move: 0.000,0.000,0.000 pred: 0.106,0.275,-0.005 dist: 0.295 info: -- PLAYER  vel: 0.218,0.275,0.005 [ping:450 tps:20.0] VL:262
[14-04-2020 23:49:40.283] [kenshen38/1.15] movement.Move: setback from -485.460,66.753,-173.830: -485.460,66.753,-173.830->-485.246,66.944,-173.825 fallD: 0.0 ground: - motion: 0.168,0.109,0.004 setbackMotion
[14-04-2020 23:49:40.293] [kenshen38/1.15] movement.Move: at: -485.460,66.753,-173.830 move: -0.328,0.248,0.047 pred: -0.025,-0.078,-0.001 dist: 0.447 info: -- PLAYER  vel: 0.168,0.109,0.004extX:0.02 [ping:450 tps:19.96] VL:569
[14-04-2020 23:49:40.293] [kenshen38/1.15] movement.Move: setback from -485.460,66.753,-173.830: -485.460,66.753,-173.830->-485.296,66.781,-173.826 fallD: 0.0 ground: - motion: 0.129,-0.051,0.003 setbackMotion
[14-04-2020 23:49:40.373] [kenshen38/1.15] movement.Move: at: -485.788,67.001,-173.783 move: -0.324,0.165,0.042 pred: -0.025,-0.078,-0.001 dist: 0.387 info: -- PLAYER  vel: 0.129,-0.051,0.003extX:0.02 [ping:450 tps:20.0] VL:779
[14-04-2020 23:49:40.374] [kenshen38/1.15] movement.Move: setback from -485.788,67.001,-173.783: -485.788,67.001,-173.783->-485.661,66.873,-173.781 fallD: 0.0 ground: - motion: 0.099,-0.204,0.002 setbackMotion
[14-04-2020 23:49:40.375] [kenshen38/1.15] movement.Move: at: -486.111,67.166,-173.741 move: -0.320,0.083,0.041 pred: -0.025,-0.078,0.003 dist: 0.338 info: -- PLAYER  vel: 0.129,-0.051,0.003extX:0.02 [ping:450 tps:20.0] VL:922
[14-04-2020 23:49:40.375] [kenshen38/1.15] movement.Move: setback from -486.111,67.166,-173.741: -486.111,67.166,-173.741->-485.985,67.038,-173.739 fallD: 0.0 ground: - motion: 0.099,-0.204,0.002 setbackMotion
[14-04-2020 23:49:40.464] [kenshen38/1.15] movement.Move: at: -486.431,67.249,-173.700 move: -0.315,0.003,0.046 pred: -0.024,-0.078,0.009 dist: 0.305 info: -- PLAYER  vel: 0.099,-0.204,0.002extX:0.02 [ping:450 tps:19.99] VL:1025
[14-04-2020 23:49:40.464] [kenshen38/1.15] movement.Move: setback from -486.431,67.249,-173.700: -486.431,67.249,-173.700->-486.334,66.971,-173.698 fallD: 0.0 ground: - motion: 0.076,-0.351,0.002 setbackMotion
[14-04-2020 23:49:40.470] [kenshen38/1.15] movement.Move: at: -486.746,67.252,-173.654 move: -0.310,-0.075,0.053 pred: -0.023,-0.078,0.011 dist: 0.290 info: -- PLAYER  vel: 0.099,-0.204,0.002extX:0.02 [ping:450 tps:19.99] VL:1113
[14-04-2020 23:49:40.471] [kenshen38/1.15] movement.Move: setback from -486.746,67.252,-173.654: -486.746,67.252,-173.654->-486.649,66.974,-173.652 fallD: 0.278075 ground: - motion: 0.076,-0.351,0.002 setbackMotion
[14-04-2020 23:49:40.649] [kenshen38/1.15] movement.Move: at: -487.056,67.177,-173.601 move: -0.304,-0.152,0.061 pred: -0.022,-0.078,0.012 dist: 0.295 info: -- PLAYER  vel: 0.076,-0.351,0.002extX:0.02 [ping:450 tps:20.0] VL:1211
[14-04-2020 23:49:40.650] [kenshen38/1.15] movement.Move: setback from -487.056,67.177,-173.601: -487.056,67.177,-173.601->-486.981,66.755,-173.600 fallD: 0.63159406 ground: - motion: 0.058,-0.492,0.001 setbackMotion
[14-04-2020 23:49:40.651] [kenshen38/1.15] movement.Move: at: -487.360,67.024,-173.541 move: -0.299,-0.228,0.068 pred: -0.022,-0.078,0.013 dist: 0.319 info: -- PLAYER  vel: 0.076,-0.351,0.002extX:0.02 [ping:450 tps:20.0] VL:1342
[14-04-2020 23:49:40.651] [kenshen38/1.15] movement.Move: setback from -487.360,67.024,-173.541: -487.360,67.024,-173.541->-487.285,66.602,-173.539 fallD: 1.2061868 ground: - motion: 0.058,-0.492,0.001 setbackMotion
[14-04-2020 23:49:40.652] [kenshen38/1.15] movement.Move: at: -487.658,66.797,-173.473 move: 0.196,0.275,0.018 pred: 0.019,-0.078,0.005 dist: 0.396 info: -- PLAYER  vel: 0.076,-0.351,0.002extX:0.02 [ping:450 tps:20.0] VL:1631
[14-04-2020 23:49:40.652] [kenshen38/1.15] movement.Move: setback from -487.658,66.797,-173.473: -487.658,66.797,-173.473->-487.584,66.374,-173.471 fallD: 0.0 ground: - motion: 0.058,-0.492,0.001 setbackMotion
[14-04-2020 23:49:40.962] [kenshen38/1.15] movement.Move: at: -487.462,67.072,-173.455 move: 0.157,0.191,0.029 pred: 0.019,-0.078,0.005 dist: 0.304 info: -- PLAYER  vel: 0.058,-0.492,0.001extX:0.02 [ping:450 tps:20.0] VL:1804
[14-04-2020 23:49:40.963] [kenshen38/1.15] movement.Move: setback from -487.462,67.072,-173.455: -487.462,67.072,-173.455->-487.405,66.511,-173.454 fallD: 0.0 ground: - motion: 0.045,-0.628,0.001 setbackMotion
[14-04-2020 23:49:40.965] [kenshen38/1.15] movement.Move: at: -487.305,67.263,-173.425 move: 0.121,0.109,0.040 pred: 0.019,-0.078,0.005 dist: 0.216 info: -- PLAYER  vel: 0.058,-0.492,0.001extX:0.02 [ping:450 tps:20.0] VL:1895
[14-04-2020 23:49:40.965] [kenshen38/1.15] movement.Move: setback from -487.305,67.263,-173.425: -487.305,67.263,-173.425->-487.248,66.702,-173.424 fallD: 0.0 ground: - motion: 0.045,-0.628,0.001 setbackMotion
[14-04-2020 23:49:40.966] [kenshen38/1.15] movement.Move: at: -487.185,67.372,-173.386 move: 0.088,0.028,0.049 pred: 0.013,-0.078,0.022 dist: 0.133 info: -- PLAYER  vel: 0.058,-0.492,0.001extX:0.02 [ping:450 tps:20.0] VL:1935
[14-04-2020 23:49:40.967] [kenshen38/1.15] movement.Move: setback from -487.185,67.372,-173.386: -487.185,67.372,-173.386->-487.128,66.811,-173.385 fallD: 0.0 ground: - motion: 0.045,-0.628,0.001 setbackMotion
[14-04-2020 23:49:40.968] [kenshen38/1.15] movement.Move: at: -487.097,67.400,-173.337 move: 0.058,-0.051,0.058 pred: 0.013,-0.078,0.022 dist: 0.064 info: -- PLAYER  vel: 0.058,-0.492,0.001extX:0.02 [ping:450 tps:20.0] VL:1951
[14-04-2020 23:49:40.968] [kenshen38/1.15] movement.Move: setback from -487.097,67.400,-173.337: -487.097,67.400,-173.337->-487.040,66.840,-173.336 fallD: 0.5606825 ground: - motion: 0.045,-0.628,0.001 setbackMotion
[14-04-2020 23:49:40.969] [kenshen38/1.15] movement.Move: at: -487.039,67.350,-173.279 move: 0.031,-0.128,0.065 pred: 0.013,-0.078,0.022 dist: 0.068 info: -- PLAYER  vel: 0.058,-0.492,0.001extX:0.02 [ping:450 tps:20.0] VL:1971
[14-04-2020 23:49:40.970] [kenshen38/1.15] movement.Move: setback from -487.039,67.350,-173.279: -487.039,67.350,-173.279->-486.982,66.789,-173.278 fallD: 1.1719152 ground: - motion: 0.045,-0.628,0.001 setbackMotion
[14-04-2020 23:49:40.971] [kenshen38/1.15] movement.Move: at: -487.008,67.222,-173.214 move: 0.006,-0.204,0.072 pred: -0.007,-0.078,0.025 dist: 0.135 info: -- PLAYER  vel: 0.058,-0.492,0.001extX:0.02 [ping:450 tps:20.0] VL:2018
[14-04-2020 23:49:40.972] [kenshen38/1.15] movement.Move: setback from -487.008,67.222,-173.214: -487.008,67.222,-173.214->-486.951,66.661,-173.213 fallD: 1.8605368 ground: - motion: 0.045,-0.628,0.001 setbackMotion
[14-04-2020 23:49:40.973] [kenshen38/1.15] movement.Move: at: -487.002,67.018,-173.142 move: -0.016,-0.278,0.079 pred: -0.007,-0.078,0.025 dist: 0.207 info: -- PLAYER  vel: 0.058,-0.492,0.001extX:0.02 [ping:450 tps:20.0] VL:2115
[14-04-2020 23:49:40.973] [kenshen38/1.15] movement.Move: setback from -487.002,67.018,-173.142: -487.002,67.018,-173.142->-486.945,66.458,-173.141 fallD: 2.6249998 ground: - motion: 0.045,-0.628,0.001 setbackMotion
[14-04-2020 23:49:41.121] [kenshen38/1.15] movement.Move: at: -487.019,66.740,-173.063 move: -0.037,-0.351,0.085 pred: -0.007,-0.078,0.025 dist: 0.281 info: -- PLAYER  vel: 0.045,-0.628,0.001extX:0.02 [ping:450 tps:20.0] VL:2284
[14-04-2020 23:49:41.121] [kenshen38/1.15] movement.Move: setback from -487.019,66.740,-173.063: -487.019,66.740,-173.063->-486.975,66.047,-173.062 fallD: 3.463787 ground: + motion: 0.034,0.000,0.001 setbackMotion
[14-04-2020 23:49:41.130] [kenshen38/1.15] movement.Move: executing command "aac notify kenshen38 appears to be moving incorrectly (450ms, 20.0TPS)"
[14-04-2020 23:49:41.194] [kenshen38/1.15] movement.Move: at: -487.056,66.389,-172.978 move: -0.056,-0.389,0.090 pred: -0.025,-0.078,0.097 dist: 0.312 info: ++ PLAYER  vel: 0.034,0.000,0.001extX:0.099999994 [ping:450 tps:20.0] VL:2495
[14-04-2020 23:49:41.195] [kenshen38/1.15] movement.Move: setback from -487.056,66.389,-172.978: -487.056,66.389,-172.978->-487.029,66.311,-172.978 fallD: 4.5083246 ground: - motion: 0.026,-0.155,0.000 setbackMotion
[14-04-2020 23:49:41.201] [kenshen38/1.15] movement.Move: at: -487.111,66.000,-172.889 move: -0.160,0.000,0.146 pred: -0.122,0.000,0.113 dist: 0.051 info: -+ PLAYER  vel: 0.034,0.000,0.001extX:0.02 [ping:450 tps:20.0] VL:2515
[14-04-2020 23:49:41.202] [kenshen38/1.15] movement.Move: setback from -487.111,66.000,-172.889: -487.111,66.000,-172.889->-487.078,66.000,-172.888 fallD: 0.0 ground: + motion: 0.026,0.000,0.000 setbackMotion
[14-04-2020 23:49:41.203] [kenshen38/1.15] movement.Move: at: -487.272,66.000,-172.742 move: -0.199,0.000,0.142 pred: -0.111,0.000,0.062 dist: 0.119 info: ++ PLAYER  vel: 0.034,0.000,0.001extX:0.099999994 [ping:450 tps:20.0] VL:2548
[14-04-2020 23:49:41.203] [kenshen38/1.15] movement.Move: setback from -487.272,66.000,-172.742: -487.272,66.000,-172.742->-487.245,66.000,-172.742 fallD: 0.0 ground: + motion: 0.026,0.000,0.000 setbackMotion
[14-04-2020 23:49:41.341] [kenshen38/1.15] movement.Move: at: -487.471,66.000,-172.600 move: -0.428,0.420,0.148 pred: -0.313,0.420,0.081 dist: 0.133 info: +- PLAYER  vel: 0.026,0.000,0.000extX:0.099999994 [ping:450 tps:20.0] VL:2583
[14-04-2020 23:49:41.342] [kenshen38/1.15] movement.Move: setback from -487.471,66.000,-172.600: -487.471,66.000,-172.600->-487.450,66.000,-172.600 fallD: 0.0 ground: + motion: 0.020,0.000,0.000 setbackMotion
[14-04-2020 23:49:41.343] [kenshen38/1.15] movement.Move: at: -487.899,66.420,-172.452 move: -0.259,0.333,0.081 pred: -0.265,0.420,0.095 dist: 0.088 info: +- PLAYER  vel: 0.026,0.000,0.000extX:0.099999994 [ping:450 tps:20.0] VL:2617
[14-04-2020 23:49:41.343] [kenshen38/1.15] movement.Move: setback from -487.899,66.420,-172.452: -487.899,66.420,-172.452->-487.878,66.342,-172.452 fallD: 0.0 ground: - motion: 0.020,-0.155,0.000 setbackMotion
[14-04-2020 23:49:41.348] [kenshen38/1.15] movement.Move: at: -488.158,66.753,-172.371 move: -0.261,0.248,0.074 pred: -0.009,0.000,0.037 dist: 0.356 info: -- PLAYER  vel: 0.026,0.000,0.000extX:0.02 [ping:450 tps:20.0] VL:2825
[14-04-2020 23:49:41.348] [kenshen38/1.15] movement.Move: setback from -488.158,66.753,-172.371: -488.158,66.753,-172.371->-488.132,66.675,-172.371 fallD: 0.0 ground: - motion: 0.020,-0.155,0.000 setbackMotion
[14-04-2020 23:49:41.488] [kenshen38/1.15] movement.Move: at: -488.420,67.001,-172.297 move: -0.263,0.165,0.068 pred: -0.025,-0.078,0.000 dist: 0.347 info: -- PLAYER  vel: 0.020,-0.155,0.000extX:0.02 [ping:450 tps:20.0] VL:3021
[14-04-2020 23:49:41.489] [kenshen38/1.15] movement.Move: setback from -488.420,67.001,-172.297: -488.420,67.001,-172.297->-488.400,66.771,-172.297 fallD: 0.0 ground: - motion: 0.016,-0.304,0.000 setbackMotion
[14-04-2020 23:49:41.490] [kenshen38/1.15] movement.Move: at: -488.683,67.166,-172.229 move: -0.265,0.083,0.062 pred: -0.025,-0.078,0.000 dist: 0.296 info: -- PLAYER  vel: 0.020,-0.155,0.000extX:0.02 [ping:450 tps:20.0] VL:3152
[14-04-2020 23:49:41.490] [kenshen38/1.15] movement.Move: setback from -488.683,67.166,-172.229: -488.683,67.166,-172.229->-488.663,66.936,-172.229 fallD: 0.0 ground: - motion: 0.016,-0.304,0.000 setbackMotion
[14-04-2020 23:49:41.491] [kenshen38/1.15] movement.Move: at: -488.948,67.249,-172.167 move: -0.267,0.003,0.057 pred: -0.025,-0.078,0.000 dist: 0.261 info: -- PLAYER  vel: 0.020,-0.155,0.000extX:0.02 [ping:450 tps:20.0] VL:3245
[14-04-2020 23:49:41.491] [kenshen38/1.15] movement.Move: setback from -488.948,67.249,-172.167: -488.948,67.249,-172.167->-488.928,67.019,-172.167 fallD: 0.0 ground: - motion: 0.016,-0.304,0.000 setbackMotion
[14-04-2020 23:49:41.524] [kenshen38/1.15] movement.Move: at: -489.215,67.252,-172.111 move: -0.268,-0.075,0.052 pred: -0.025,-0.078,0.000 dist: 0.248 info: -- PLAYER  vel: 0.020,-0.155,0.000extX:0.02 [ping:450 tps:20.0] VL:3326
[14-04-2020 23:49:41.525] [kenshen38/1.15] movement.Move: setback from -489.215,67.252,-172.111: -489.215,67.252,-172.111->-489.195,67.022,-172.110 fallD: 0.2304225 ground: - motion: 0.016,-0.304,0.000 setbackMotion
[14-04-2020 23:49:41.567] [kenshen38/1.15] movement.Move: at: -489.483,67.177,-172.059 move: -0.270,-0.152,0.047 pred: -0.025,-0.078,0.000 dist: 0.259 info: -- PLAYER  vel: 0.016,-0.304,0.000extX:0.02 [ping:450 tps:20.0] VL:3419
[14-04-2020 23:49:41.568] [kenshen38/1.15] movement.Move: setback from -489.483,67.177,-172.059: -489.483,67.177,-172.059->-489.468,66.800,-172.059 fallD: 0.53628904 ground: - motion: 0.012,-0.447,0.000 setbackMotion
[14-04-2020 23:49:41.622] [kenshen38/1.15] movement.Move: at: -489.753,67.024,-172.011 move: -0.271,-0.228,0.043 pred: -0.025,-0.078,0.000 dist: 0.290 info: -- PLAYER  vel: 0.012,-0.447,0.000extX:0.02 [ping:450 tps:20.0] VL:3547
[14-04-2020 23:49:41.623] [kenshen38/1.15] movement.Move: setback from -489.753,67.024,-172.011: -489.753,67.024,-172.011->-489.741,66.508,-172.011 fallD: 1.0650667 ground: - motion: 0.009,-0.585,0.000 setbackMotion
[14-04-2020 23:49:41.792] [kenshen38/1.15] movement.Move: at: -490.024,66.797,-171.968 move: -0.271,-0.302,0.045 pred: -0.025,-0.078,0.006 dist: 0.335 info: -- PLAYER  vel: 0.009,-0.585,0.000extX:0.02 [ping:450 tps:20.0] VL:3728
[14-04-2020 23:49:41.792] [kenshen38/1.15] movement.Move: setback from -490.024,66.797,-171.968: -490.024,66.797,-171.968->-490.015,66.145,-171.968 fallD: 1.80946 ground: - motion: 0.007,-0.717,0.000 setbackMotion
[14-04-2020 23:49:41.844] [kenshen38/1.15] movement.Move: at: -490.295,66.495,-171.923 move: -0.270,-0.374,0.052 pred: -0.016,-0.495,0.011 dist: 0.284 info: -- PLAYER  vel: 0.007,-0.717,0.000extX:0.02 [ping:450 tps:20.0] VL:3844
[14-04-2020 23:49:41.845] [kenshen38/1.15] movement.Move: setback from -490.295,66.495,-171.923: -490.295,66.495,-171.923->-490.288,66.000,-171.923 fallD: 2.7624497 ground: + motion: 0.005,0.000,0.000 setbackMotion
[14-04-2020 23:49:41.846] [kenshen38/1.15] movement.Move: at: -490.565,66.121,-171.870 move: -0.267,-0.121,0.061 pred: -0.110,-0.078,0.065 dist: 0.164 info: ++ PLAYER  vel: 0.007,-0.717,0.000extX:0.099999994 [ping:450 tps:20.0] VL:3894
[14-04-2020 23:49:41.846] [kenshen38/1.15] movement.Move: setback from -490.565,66.121,-171.870: -490.565,66.121,-171.870->-490.559,66.000,-171.870 fallD: 3.6315546 ground: + motion: 0.005,0.000,0.000 setbackMotion
[14-04-2020 23:49:41.849] [kenshen38/1.15] movement.Move: at: -490.832,66.000,-171.810 move: -0.525,0.420,0.222 pred: -0.320,0.420,0.071 dist: 0.255 info: +- PLAYER  vel: 0.007,-0.717,0.000extX:0.099999994 [ping:450 tps:20.0] VL:3982
[14-04-2020 23:49:41.849] [kenshen38/1.15] movement.Move: setback from -490.832,66.000,-171.810: -490.832,66.000,-171.810->-490.827,66.000,-171.810 fallD: 0.0 ground: + motion: 0.005,0.000,0.000 setbackMotion
[14-04-2020 23:49:41.927] [kenshen38/1.15] movement.Move: at: -491.357,66.420,-171.588 move: -0.309,0.333,0.134 pred: -0.282,0.420,0.167 dist: 0.097 info: +- PLAYER  vel: 0.005,0.000,0.000extX:0.099999994 [ping:450 tps:20.0] VL:4022
[14-04-2020 23:49:41.928] [kenshen38/1.15] movement.Move: setback from -491.357,66.420,-171.588: -491.357,66.420,-171.588->-491.353,66.342,-171.588 fallD: 0.0 ground: - motion: 0.004,-0.155,0.000 setbackMotion
[14-04-2020 23:49:41.937] [kenshen38/1.15] movement.Move: at: -491.666,66.753,-171.453 move: -0.303,0.248,0.135 pred: -0.042,0.000,0.032 dist: 0.374 info: -- PLAYER  vel: 0.005,0.000,0.000extX:0.02 [ping:450 tps:20.0] VL:4248
[14-04-2020 23:49:41.938] [kenshen38/1.15] movement.Move: setback from -491.666,66.753,-171.453: -491.666,66.753,-171.453->-491.660,66.675,-171.453 fallD: 0.0 ground: - motion: 0.004,-0.155,0.000 setbackMotion
[14-04-2020 23:49:41.975] [kenshen38/1.15] movement.Move: at: -491.968,67.001,-171.318 move: -0.297,0.165,0.136 pred: -0.022,-0.078,0.013 dist: 0.387 info: -- PLAYER  vel: 0.004,-0.155,0.000extX:0.02 [ping:450 tps:19.91] VL:4476
[14-04-2020 23:49:41.976] [kenshen38/1.15] movement.Move: setback from -491.968,67.001,-171.318: -491.968,67.001,-171.318->-491.964,66.771,-171.318 fallD: 0.0 ground: - motion: 0.003,-0.304,0.000 setbackMotion
[14-04-2020 23:49:42.014] [kenshen38/1.15] movement.Move: at: -492.266,67.166,-171.182 move: -0.293,0.083,0.137 pred: -0.022,-0.078,0.013 dist: 0.339 info: -- PLAYER  vel: 0.003,-0.304,0.000extX:0.02 [ping:450 tps:20.0] VL:4636
[14-04-2020 23:49:42.014] [kenshen38/1.15] movement.Move: setback from -492.266,67.166,-171.182: -492.266,67.166,-171.182->-492.263,66.790,-171.182 fallD: 0.0 ground: - motion: 0.002,-0.447,0.000 setbackMotion
[14-04-2020 23:49:42.060] [kenshen38/1.15] movement.Move: at: -492.558,67.249,-171.046 move: -0.288,0.003,0.137 pred: -0.022,-0.078,0.013 dist: 0.305 info: -- PLAYER  vel: 0.002,-0.447,0.000extX:0.02 [ping:450 tps:20.0] VL:4756
[14-04-2020 23:49:42.061] [kenshen38/1.15] movement.Move: setback from -492.558,67.249,-171.046: -492.558,67.249,-171.046->-492.556,66.732,-171.046 fallD: 0.0 ground: - motion: 0.002,-0.585,0.000 setbackMotion
[14-04-2020 23:49:42.111] [kenshen38/1.15] movement.Move: at: -492.846,67.252,-170.908 move: -0.284,-0.075,0.138 pred: -0.022,-0.078,0.013 dist: 0.291 info: -- PLAYER  vel: 0.002,-0.585,0.000extX:0.02 [ping:450 tps:20.0] VL:4862
[14-04-2020 23:49:42.112] [kenshen38/1.15] movement.Move: setback from -492.846,67.252,-170.908: -492.846,67.252,-170.908->-492.845,66.601,-170.908 fallD: 0.516705 ground: - motion: 0.001,-0.717,0.000 setbackMotion
[14-04-2020 23:49:42.303] [kenshen38/1.15] movement.Move: at: -493.131,67.177,-170.770 move: -0.280,-0.152,0.139 pred: -0.022,-0.078,0.013 dist: 0.297 info: -- PLAYER  vel: 0.001,-0.717,0.000extX:0.02 [ping:450 tps:20.0] VL:4974
[14-04-2020 23:49:42.304] [kenshen38/1.15] movement.Move: setback from -493.131,67.177,-170.770: -493.131,67.177,-170.770->-493.129,66.396,-170.770 fallD: 1.2436041 ground: - motion: 0.001,-0.844,0.000 setbackMotion
[14-04-2020 23:49:42.308] [kenshen38/1.15] movement.Move: at: -493.411,67.024,-170.632 move: -0.277,-0.228,0.139 pred: -0.022,-0.078,0.013 dist: 0.321 info: -- PLAYER  vel: 0.001,-0.717,0.000extX:0.02 [ping:450 tps:20.0] VL:5119
[14-04-2020 23:49:42.309] [kenshen38/1.15] movement.Move: setback from -493.411,67.024,-170.632: -493.411,67.024,-170.632->-493.410,66.244,-170.632 fallD: 2.1767542 ground: - motion: 0.001,-0.844,0.000 setbackMotion
[14-04-2020 23:49:42.309] [kenshen38/1.15] movement.Move: at: -493.688,66.797,-170.493 move: -0.274,-0.302,0.140 pred: -0.022,-0.078,0.013 dist: 0.360 info: -- PLAYER  vel: 0.001,-0.717,0.000extX:0.02 [ping:450 tps:20.0] VL:5319
[14-04-2020 23:49:42.310] [kenshen38/1.15] movement.Move: setback from -493.688,66.797,-170.493: -493.688,66.797,-170.493->-493.687,66.016,-170.493 fallD: 3.1852577 ground: + motion: 0.001,0.000,0.000 setbackMotion
[14-04-2020 23:49:42.315] [kenshen38/1.15] movement.Move: at: -493.962,66.495,-170.353 move: -0.271,-0.374,0.140 pred: -0.110,-0.495,0.065 dist: 0.216 info: +- PLAYER  vel: 0.001,-0.717,0.000extX:0.099999994 [ping:450 tps:20.0] VL:5402
[14-04-2020 23:49:42.316] [kenshen38/1.15] movement.Move: setback from -493.962,66.495,-170.353: -493.962,66.495,-170.353->-493.962,66.000,-170.353 fallD: 4.267607 ground: + motion: 0.001,0.000,0.000 setbackMotion
[14-04-2020 23:49:42.365] [kenshen38/1.15] movement.Move: at: -494.234,66.121,-170.213 move: -0.269,-0.121,0.140 pred: -0.110,-0.078,0.065 dist: 0.181 info: ++ PLAYER  vel: 0.001,0.000,0.000extX:0.099999994 [ping:450 tps:20.0] VL:5456
[14-04-2020 23:49:42.366] [kenshen38/1.15] movement.Move: setback from -494.234,66.121,-170.213: -494.234,66.121,-170.213->-494.233,66.043,-170.213 fallD: 5.136712 ground: + motion: 0.001,0.000,0.000 setbackMotion
[14-04-2020 23:49:42.462] [kenshen38/1.15] movement.Move: at: -494.503,66.000,-170.073 move: -0.526,0.420,0.295 pred: -0.323,0.420,0.193 dist: 0.227 info: +- PLAYER  vel: 0.001,0.000,0.000extX:0.099999994 [ping:450 tps:20.0] VL:5528
[14-04-2020 23:49:42.463] [kenshen38/1.15] movement.Move: setback from -494.503,66.000,-170.073: -494.503,66.000,-170.073->-494.502,66.000,-170.073 fallD: 0.0 ground: + motion: 0.000,0.000,0.000 setbackMotion
[14-04-2020 23:49:42.679] [kenshen38/1.15] movement.Move: at: -495.029,66.420,-169.777 move: -0.287,0.333,0.187 pred: -0.273,0.420,0.139 dist: 0.100 info: +- PLAYER  vel: 0.000,0.000,0.000extX:0.099999994 [ping:450 tps:20.0] VL:5561
[14-04-2020 23:49:42.679] [kenshen38/1.15] movement.Move: setback from -495.029,66.420,-169.777: -495.029,66.420,-169.777->-495.028,66.342,-169.777 fallD: 0.0 ground: - motion: 0.000,-0.155,0.000 setbackMotion
[14-04-2020 23:49:42.688] [kenshen38/1.15] movement.Move: at: -495.316,66.753,-169.590 move: 0.172,0.109,0.030 pred: 0.048,0.000,0.010 dist: 0.166 info: -- PLAYER  vel: 0.000,0.000,0.000extX:0.02 [ping:450 tps:20.0] VL:5617
[14-04-2020 23:49:42.689] [kenshen38/1.15] movement.Move: setback from -495.316,66.753,-169.590: -495.316,66.753,-169.590->-495.316,66.675,-169.590 fallD: 0.0 ground: - motion: 0.000,-0.155,0.000 setbackMotion
[14-04-2020 23:49:42.696] [kenshen38/1.15] movement.Move: at: -495.144,66.862,-169.561 move: 0.161,0.028,0.052 pred: 0.044,0.000,0.031 dist: 0.122 info: -- PLAYER  vel: 0.000,0.000,0.000extX:0.02 [ping:450 tps:20.0] VL:5650
[14-04-2020 23:49:42.697] [kenshen38/1.15] movement.Move: setback from -495.144,66.862,-169.561: -495.144,66.862,-169.561->-495.144,66.784,-169.561 fallD: 0.0 ground: - motion: 0.000,-0.155,0.000 setbackMotion
[14-04-2020 23:49:42.704] [kenshen38/1.15] movement.Move: at: -494.983,66.890,-169.508 move: 0.151,-0.051,0.073 pred: 0.049,-0.078,0.044 dist: 0.110 info: -- PLAYER  vel: 0.000,0.000,0.000extX:0.02 [ping:450 tps:20.0] VL:5681
[14-04-2020 23:49:42.705] [kenshen38/1.15] movement.Move: setback from -494.983,66.890,-169.508: -494.983,66.890,-169.508->-494.983,66.812,-169.508 fallD: 0.0784 ground: - motion: 0.000,-0.155,0.000 setbackMotion
[14-04-2020 23:49:42.713] [kenshen38/1.15] movement.Move: at: -494.832,66.840,-169.435 move: 0.012,-0.717,0.026 pred: 0.005,-0.155,0.026 dist: 0.562 info: -- PLAYER  vel: 0.000,-0.155,0.000extX:0.02 [ping:450 tps:19.74] VL:6201
[14-04-2020 23:49:42.714] [kenshen38/1.15] movement.Move: setback from -494.832,66.840,-169.435: -494.832,66.840,-169.435->-494.832,66.609,-169.435 fallD: 0.20746845 ground: - motion: 0.000,-0.304,0.000 setbackMotion
[14-04-2020 23:49:42.875] [kenshen38/1.15] movement.Move: at: -494.821,66.123,-169.409 move: 0.014,-0.078,0.074 pred: 0.005,-0.078,0.026 dist: 0.050 info: -+ PLAYER  vel: 0.000,-0.304,0.000extX:0.02 [ping:450 tps:20.0] VL:6220
[14-04-2020 23:49:42.876] [kenshen38/1.15] movement.Move: setback from -494.821,66.123,-169.409: -494.821,66.123,-169.409->-494.820,66.000,-169.409 fallD: 1.1546409 ground: + motion: 0.000,0.000,0.000 setbackMotion
[14-04-2020 23:49:43.116] [kenshen38/1.15] movement.Move: at: -495.202,66.000,-168.738 move: -0.261,0.420,0.321 pred: -0.222,0.420,0.307 dist: 0.042 info: +- PLAYER  [ping:450 tps:20.0] VL:6233
[14-04-2020 23:49:43.117] [kenshen38/1.15] movement.Move: setback from -495.202,66.000,-168.738: -495.202,66.000,-168.738->-495.297,66.146,-168.606 fallD: 0.0 ground: - motion: -0.093,0.065,0.129 setbackMotion
[14-04-2020 23:49:43.237] [kenshen38/1.15] movement.Move: at: -495.463,66.420,-168.417 move: -0.159,0.333,0.194 pred: -0.110,0.065,0.148 dist: 0.277 info: -- PLAYER  vel: -0.093,0.065,0.129extX:0.02 [ping:450 tps:20.0] VL:6394
[14-04-2020 23:49:43.238] [kenshen38/1.15] movement.Move: setback from -495.463,66.420,-168.417: -495.463,66.420,-168.417->-495.554,66.405,-168.291 fallD: 0.0 ground: - motion: -0.072,-0.093,0.099 setbackMotion
[14-04-2020 23:49:43.239] [kenshen38/1.15] movement.Move: at: -495.622,66.753,-168.222 move: -0.163,0.248,0.195 pred: -0.111,0.065,0.147 dist: 0.196 info: -- PLAYER  vel: -0.093,0.065,0.129extX:0.02 [ping:450 tps:20.0] VL:6480
[14-04-2020 23:49:43.239] [kenshen38/1.15] movement.Move: setback from -495.622,66.753,-168.222: -495.622,66.753,-168.222->-495.714,66.738,-168.096 fallD: 0.0 ground: - motion: -0.072,-0.093,0.099 setbackMotion
[14-04-2020 23:49:43.259] [kenshen38/1.15] movement.Move: at: -495.786,67.001,-168.027 move: -0.167,0.165,0.194 pred: -0.112,0.065,0.146 dist: 0.124 info: -- PLAYER  vel: -0.093,0.065,0.129extX:0.02 [ping:450 tps:20.0] VL:6520
[14-04-2020 23:49:43.260] [kenshen38/1.15] movement.Move: setback from -495.786,67.001,-168.027: -495.786,67.001,-168.027->-495.877,66.987,-167.901 fallD: 0.0 ground: - motion: -0.072,-0.093,0.099 setbackMotion
[14-04-2020 23:49:43.311] [kenshen38/1.15] movement.Move: at: -495.953,67.166,-167.833 move: -0.172,0.083,0.194 pred: -0.091,-0.093,0.116 dist: 0.209 info: -- PLAYER  vel: -0.072,-0.093,0.099extX:0.02 [ping:450 tps:20.0] VL:6607
[14-04-2020 23:49:43.312] [kenshen38/1.15] movement.Move: setback from -495.953,67.166,-167.833: -495.953,67.166,-167.833->-496.023,66.997,-167.736 fallD: 0.0 ground: - motion: -0.055,-0.244,0.076 setbackMotion
[14-04-2020 23:49:43.442] [kenshen38/1.15] movement.Move: at: -496.125,67.249,-167.639 move: -0.175,0.003,0.193 pred: -0.019,-0.078,0.017 dist: 0.249 info: -- PLAYER  vel: -0.055,-0.244,0.076extX:0.02 [ping:450 tps:20.0] VL:6687
[14-04-2020 23:49:43.443] [kenshen38/1.15] movement.Move: setback from -496.125,67.249,-167.639: -496.125,67.249,-167.639->-496.178,66.931,-167.565 fallD: 0.0 ground: - motion: -0.042,-0.390,0.058 setbackMotion
[14-04-2020 23:49:43.449] [kenshen38/1.15] movement.Move: at: -496.300,67.252,-167.447 move: -0.179,-0.075,0.192 pred: -0.074,-0.244,0.093 dist: 0.222 info: -- PLAYER  vel: -0.055,-0.244,0.076extX:0.02 [ping:450 tps:20.0] VL:6777
[14-04-2020 23:49:43.449] [kenshen38/1.15] movement.Move: setback from -496.300,67.252,-167.447: -496.300,67.252,-167.447->-496.354,66.934,-167.372 fallD: 0.317765 ground: - motion: -0.042,-0.390,0.058 setbackMotion
[14-04-2020 23:49:43.517] [kenshen38/1.15] movement.Move: at: -496.479,67.177,-167.254 move: -0.182,-0.152,0.192 pred: -0.019,-0.078,0.017 dist: 0.250 info: -- PLAYER  vel: -0.042,-0.390,0.058extX:0.02 [ping:450 tps:20.0] VL:6858
[14-04-2020 23:49:43.518] [kenshen38/1.15] movement.Move: setback from -496.479,67.177,-167.254: -496.479,67.177,-167.254->-496.520,66.716,-167.197 fallD: 0.71097404 ground: - motion: -0.032,-0.530,0.045 setbackMotion
[14-04-2020 23:49:43.522] [kenshen38/1.15] movement.Move: at: -496.661,67.024,-167.063 move: -0.112,0.065,0.146 pred: -0.019,-0.078,0.017 dist: 0.214 info: -- PLAYER  vel: -0.042,-0.390,0.058extX:0.02 [ping:450 tps:20.0] VL:6938
[14-04-2020 23:49:43.522] [kenshen38/1.15] movement.Move: setback from -496.661,67.024,-167.063: -496.661,67.024,-167.063->-496.702,66.564,-167.006 fallD: 0.0 ground: - motion: -0.032,-0.530,0.045 setbackMotion
[14-04-2020 23:49:43.588] [kenshen38/1.15] movement.Move: at: -496.773,67.089,-166.917 move: -0.122,-0.015,0.149 pred: -0.019,-0.078,0.017 dist: 0.179 info: -- PLAYER  vel: -0.032,-0.530,0.045extX:0.02 [ping:450 tps:20.0] VL:6989
[14-04-2020 23:49:43.588] [kenshen38/1.15] movement.Move: setback from -496.773,67.089,-166.917: -496.773,67.089,-166.917->-496.805,66.492,-166.874 fallD: 0.460355 ground: - motion: -0.025,-0.664,0.034 setbackMotion
[14-04-2020 23:49:43.698] [kenshen38/1.15] movement.Move: at: -496.895,67.075,-166.768 move: -0.053,-0.529,0.059 pred: -0.046,-0.664,0.049 dist: 0.135 info: -- PLAYER  vel: -0.025,-0.664,0.034extX:0.02 [ping:450 tps:20.0] VL:7038
[14-04-2020 23:49:43.699] [kenshen38/1.15] movement.Move: setback from -496.895,67.075,-166.768: -496.895,67.075,-166.768->-496.919,66.346,-166.735 fallD: 1.072365 ground: - motion: -0.019,-0.793,0.026 setbackMotion
[14-04-2020 23:49:44.380] [kenshen38/1.15] movement.Move: ignored velocity of -0.019,-0.793,0.026 [ping:450 tps:20.0] VL:7138
[14-04-2020 23:49:44.382] [kenshen38/1.15] movement.Move: setback from -499.546,66.495,-165.163: -499.546,66.495,-165.163->-499.725,66.000,-164.914 fallD: 0.7570025 ground: + motion: -0.012,0.000,0.016 pendingMotion
[14-04-2020 23:49:44.410] [kenshen38/1.15] movement.Move: at: -499.546,66.495,-165.163 move: -0.245,-0.374,0.093 pred: -0.096,-0.078,0.087 dist: 0.331 info: +- PLAYER  vel: -0.012,0.000,0.016extX:0.099999994 [ping:450 tps:19.97] VL:7340
[14-04-2020 23:49:44.411] [kenshen38/1.15] movement.Move: setback from -499.546,66.495,-165.163: -499.546,66.495,-165.163->-499.556,66.417,-165.150 fallD: 1.2522033 ground: - motion: -0.009,-0.155,0.012 setbackMotion
[14-04-2020 23:49:53.941] [kenshen38/1.15] movement.NoFall: tried to avoid accumulating fall damage [ping:423 tps:20.0] VL:1
[14-04-2020 23:54:54.108] [kenshen38/1.15] movement.NoFall: tried to avoid accumulating fall damage [ping:40 tps:20.0] VL:1
[14-04-2020 23:56:32.357] [kenshen38/1.15] combat.Hitbox: attacked entity too far away (4.075 blocks) [ping:62 tps:20.0] VL:1
[16-04-2020 01:45:41.698] [kenshen38/1.15] movement.Timer: moved too many times: 19.97 [ping:25 tps:20.0] VL:1
[16-04-2020 01:45:41.700] [kenshen38/1.15] movement.Timer: moved too many times: 18.77 [ping:25 tps:20.0] VL:2
[16-04-2020 01:45:41.700] [kenshen38/1.15] movement.Timer: moved too many times: 17.75 [ping:25 tps:20.0] VL:3
[16-04-2020 01:45:41.700] [kenshen38/1.15] movement.Timer: moved too many times: 16.75 [ping:25 tps:20.0] VL:4
[16-04-2020 01:45:41.701] [kenshen38/1.15] movement.Timer: moved too many times: 15.74 [ping:25 tps:20.0] VL:5
[16-04-2020 01:45:41.701] [kenshen38/1.15] movement.Timer: moved too many times: 14.73 [ping:25 tps:20.0] VL:6
[16-04-2020 01:45:41.702] [kenshen38/1.15] movement.Timer: setback from 155.463,64.797,-367.464: 155.463,64.797,-367.464->155.215,64.495,-367.349 fallD: 0.45546773 ground: - motion: -0.194,-0.374,0.090 globalMotion
[16-04-2020 01:45:41.703] [kenshen38/1.15] movement.Timer: moved too many times: 13.73 [ping:25 tps:20.0] VL:7
[16-04-2020 01:45:41.703] [kenshen38/1.15] movement.Timer: setback from 155.212,64.495,-367.342: 155.212,64.495,-367.342->155.212,64.417,-367.342 fallD: 1.0585372 ground: - motion: 0.000,-0.155,0.000 globalMotion
[16-04-2020 01:45:41.703] [kenshen38/1.15] movement.Timer: moved too many times: 12.73 [ping:25 tps:20.0] VL:8
[16-04-2020 01:45:41.704] [kenshen38/1.15] movement.Timer: setback from 154.964,64.121,-367.215: 154.964,64.121,-367.215->154.964,64.043,-367.215 fallD: 1.5108413 ground: + motion: 0.000,0.000,0.000 globalMotion
[16-04-2020 01:45:41.704] [kenshen38/1.15] movement.Timer: moved too many times: 11.73 [ping:25 tps:20.0] VL:9
[16-04-2020 01:45:41.704] [kenshen38/1.15] movement.Timer: setback from 154.718,64.000,-367.084: 154.718,64.000,-367.084->154.718,64.000,-367.084 fallD: 0.0 ground: + motion: 0.000,0.000,0.000 globalMotion
[16-04-2020 01:45:41.705] [kenshen38/1.15] movement.Timer: moved too many times: 10.73 [ping:25 tps:20.0] VL:10
[16-04-2020 01:45:41.705] [kenshen38/1.15] movement.Timer: setback from 154.234,64.420,-366.765: 154.234,64.420,-366.765->154.234,64.342,-366.765 fallD: 0.0 ground: - motion: 0.000,-0.155,0.000 globalMotion
[16-04-2020 01:45:41.705] [kenshen38/1.15] movement.Timer: moved too many times: 9.73 [ping:25 tps:20.0] VL:11
[16-04-2020 01:45:41.705] [kenshen38/1.15] movement.Timer: setback from 153.950,64.753,-366.576: 153.950,64.753,-366.576->153.950,64.675,-366.576 fallD: 0.0 ground: - motion: 0.000,-0.155,0.000 globalMotion
[16-04-2020 01:45:41.707] [kenshen38/1.15] movement.Move: at: 153.672,65.001,-366.387 move: -0.274,0.165,0.187 pred: -0.022,-0.078,0.012 dist: 0.391 info: -- PLAYER extX:0.02 [ping:25 tps:20.0] VL:211
[16-04-2020 01:45:41.736] [kenshen38/1.15] movement.Timer: moved too many times: 9.17 [ping:25 tps:9.3] VL:12
[16-04-2020 01:45:41.737] [kenshen38/1.15] movement.Timer: setback from 152.323,64.000,-366.102: 152.323,64.000,-366.102->152.295,64.000,-366.182 fallD: 0.0 ground: + motion: -0.027,0.000,-0.078 globalMotion
[16-04-2020 01:45:43.427] [kenshen38/1.15] movement.Timer: moved too many times: 9.22 [ping:25 tps:20.0] VL:10
[16-04-2020 01:45:43.428] [kenshen38/1.15] movement.Timer: setback from 152.203,64.420,-363.723: 152.203,64.420,-363.723->152.203,64.753,-363.712 fallD: 0.0 ground: - motion: 0.000,0.248,0.009 globalMotion
[16-04-2020 01:45:43.576] [kenshen38/1.15] movement.Move: at: 152.203,64.753,-363.712 move: 0.000,0.413,0.016 pred: 0.000,0.248,0.009 dist: 0.165 info: -- PLAYER  vel: 0.000,0.248,0.009extX:0.02 [ping:25 tps:20.0] VL:203
[16-04-2020 01:45:43.625] [kenshen38/1.15] movement.Move: at: 152.203,65.166,-363.696 move: 0.000,0.083,0.007 pred: 0.000,0.248,0.009 dist: 0.165 info: -- PLAYER  vel: 0.000,0.248,0.009 [ping:25 tps:20.0] VL:258
[16-04-2020 01:45:43.626] [kenshen38/1.15] movement.Move: setback from 152.203,65.166,-363.696: 152.203,65.166,-363.696->152.203,65.331,-363.687 fallD: 0.0 ground: - motion: 0.000,0.083,0.007 setbackMotion
[16-04-2020 01:45:50.673] [kenshen38/1.15] movement.Timer: moved too many times: 9.31 [ping:36 tps:20.0] VL:4
[16-04-2020 01:45:56.420] [kenshen38/1.15] movement.Timer: moved too many times: 9.35 [ping:36 tps:20.0] VL:1
